<testng-results>
  <reporter-output>
  </reporter-output>
  <suite name="testngy" duration-ms="42044" started-at="2013-01-11T14:16:28Z" finished-at="2013-01-11T14:17:10Z">
    <groups>
      <group name="LoginOk">
        <method signature="br.com.codigo.b.YouOk.testYoukPasswordOk()" name="testYoukPasswordOk" class="br.com.codigo.b.YouOk"/>
        <method signature="br.com.codigo.b.YouOk.testTitleOk()" name="testTitleOk" class="br.com.codigo.b.YouOk"/>
      </group>
    </groups>
    <test name="LoginSuccess" duration-ms="42044" started-at="2013-01-11T14:16:28Z" finished-at="2013-01-11T14:17:10Z">
      <class name="br.com.codigo.b.YouOk">
        <test-method status="PASS" signature="setUp()" name="setUp" is-config="true" duration-ms="6772" started-at="2013-01-11T14:16:22Z" finished-at="2013-01-11T14:16:28Z">
        </test-method>
        <test-method status="PASS" signature="testYoukPasswordOk()" name="testYoukPasswordOk" duration-ms="11965" started-at="2013-01-11T14:16:28Z" finished-at="2013-01-11T14:16:40Z">
        </test-method>
        <test-method status="FAIL" signature="testTitleOk()" name="testTitleOk" duration-ms="30072" started-at="2013-01-11T14:16:40Z" depends-on-methods="br.com.codigo.b.YouOk.testYoukPasswordOk" finished-at="2013-01-11T14:17:10Z">
          <exception class="org.openqa.selenium.NoSuchElementException">
            <message>
              <![CDATA[Unable to locate element: {"method":"id","selector":"login-name"}
Command duration or timeout: 30.06 seconds
For documentation on this error, please visit: http://seleniumhq.org/exceptions/no_such_element.html
Build info: version: '2.28.0', revision: '18309', time: '2012-12-11 20:21:45'
System info: os.name: 'Windows 7', os.arch: 'x86', os.version: '6.1', java.version: '1.6.0_35'
Session ID: 917f3725-3af8-4176-82bb-bdc1911f927b
Driver info: org.openqa.selenium.firefox.FirefoxDriver
Capabilities [{platform=XP, acceptSslCerts=true, javascriptEnabled=true, browserName=firefox, rotatable=false, locationContextEnabled=true, version=18.0, cssSelectorsEnabled=true, databaseEnabled=true, handlesAlerts=true, browserConnectionEnabled=true, nativeEvents=true, webStorageEnabled=true, applicationCacheEnabled=true, takesScreenshot=true}]]]>
            </message>
            <full-stacktrace>
              <![CDATA[org.openqa.selenium.NoSuchElementException: Unable to locate element: {"method":"id","selector":"login-name"}
Command duration or timeout: 30.06 seconds
For documentation on this error, please visit: http://seleniumhq.org/exceptions/no_such_element.html
Build info: version: '2.28.0', revision: '18309', time: '2012-12-11 20:21:45'
System info: os.name: 'Windows 7', os.arch: 'x86', os.version: '6.1', java.version: '1.6.0_35'
Session ID: 917f3725-3af8-4176-82bb-bdc1911f927b
Driver info: org.openqa.selenium.firefox.FirefoxDriver
Capabilities [{platform=XP, acceptSslCerts=true, javascriptEnabled=true, browserName=firefox, rotatable=false, locationContextEnabled=true, version=18.0, cssSelectorsEnabled=true, databaseEnabled=true, handlesAlerts=true, browserConnectionEnabled=true, nativeEvents=true, webStorageEnabled=true, applicationCacheEnabled=true, takesScreenshot=true}]
	at sun.reflect.NativeConstructorAccessorImpl.newInstance0(Native Method)
	at sun.reflect.NativeConstructorAccessorImpl.newInstance(Unknown Source)
	at sun.reflect.DelegatingConstructorAccessorImpl.newInstance(Unknown Source)
	at java.lang.reflect.Constructor.newInstance(Unknown Source)
	at org.openqa.selenium.remote.ErrorHandler.createThrowable(ErrorHandler.java:187)
	at org.openqa.selenium.remote.ErrorHandler.throwIfResponseFailed(ErrorHandler.java:145)
	at org.openqa.selenium.remote.RemoteWebDriver.execute(RemoteWebDriver.java:533)
	at org.openqa.selenium.remote.RemoteWebDriver.findElement(RemoteWebDriver.java:302)
	at org.openqa.selenium.remote.RemoteWebDriver.findElementById(RemoteWebDriver.java:331)
	at org.openqa.selenium.By$ById.findElement(By.java:216)
	at org.openqa.selenium.remote.RemoteWebDriver.findElement(RemoteWebDriver.java:294)
	at br.com.codigo.b.YouOk.testTitleOk(Unknown Source)
	at sun.reflect.NativeMethodAccessorImpl.invoke0(Native Method)
	at sun.reflect.NativeMethodAccessorImpl.invoke(Unknown Source)
	at sun.reflect.DelegatingMethodAccessorImpl.invoke(Unknown Source)
	at java.lang.reflect.Method.invoke(Unknown Source)
	at org.testng.internal.MethodInvocationHelper.invokeMethod(MethodInvocationHelper.java:74)
	at org.testng.internal.Invoker.invokeMethod(Invoker.java:673)
	at org.testng.internal.Invoker.invokeTestMethod(Invoker.java:846)
	at org.testng.internal.Invoker.invokeTestMethods(Invoker.java:1170)
	at org.testng.internal.TestMethodWorker.invokeTestMethods(TestMethodWorker.java:125)
	at org.testng.internal.TestMethodWorker.run(TestMethodWorker.java:109)
	at org.testng.TestRunner.runWorkers(TestRunner.java:1125)
	at org.testng.TestRunner.privateRun(TestRunner.java:749)
	at org.testng.TestRunner.run(TestRunner.java:600)
	at org.testng.SuiteRunner.runTest(SuiteRunner.java:317)
	at org.testng.SuiteRunner.runSequentially(SuiteRunner.java:312)
	at org.testng.SuiteRunner.privateRun(SuiteRunner.java:274)
	at org.testng.SuiteRunner.run(SuiteRunner.java:223)
	at org.testng.SuiteRunnerWorker.runSuite(SuiteRunnerWorker.java:52)
	at org.testng.SuiteRunnerWorker.run(SuiteRunnerWorker.java:86)
	at org.testng.TestNG.runSuitesSequentially(TestNG.java:995)
	at org.testng.TestNG.runSuitesLocally(TestNG.java:920)
	at org.testng.TestNG.run(TestNG.java:856)
	at org.testng.TestNG.privateMain(TestNG.java:1137)
	at org.testng.TestNG.main(TestNG.java:1101)
Caused by: org.openqa.selenium.remote.ErrorHandler$UnknownServerException: Unable to locate element: {"method":"id","selector":"login-name"}
Build info: version: '2.28.0', revision: '18309', time: '2012-12-11 20:21:45'
System info: os.name: 'Windows 7', os.arch: 'x86', os.version: '6.1', java.version: '1.6.0_35'
Driver info: driver.version: unknown
	at <anonymous class>.FirefoxDriver.prototype.findElementInternal_(file:///C:/Users/MARCOS~1.JES/AppData/Local/Temp/anonymous5422479637428160231webdriver-profile/extensions/fxdriver@googlecode.com/components/driver_component.js:8251)
	at <anonymous class>.fxdriver.Timer.prototype.setTimeout/<.notify(file:///C:/Users/MARCOS~1.JES/AppData/Local/Temp/anonymous5422479637428160231webdriver-profile/extensions/fxdriver@googlecode.com/components/driver_component.js:382)
]]>
            </full-stacktrace>
          </exception>
        </test-method>
        <test-method status="PASS" signature="tearDown()" name="tearDown" is-config="true" duration-ms="314" started-at="2013-01-11T14:17:11Z" finished-at="2013-01-11T14:17:11Z">
        </test-method>
      </class>
    </test>
  </suite>
</testng-results>
